<?xml version="1.0" encoding="UTF-8"?>
<!-- Generated by org.testng.reporters.JUnitXMLReporter -->
<testsuite hostname="DESKTOP-PPOL0UJ" ignored="0" name="Test" tests="6" failures="0" timestamp="07 May 2022 00:37:25 GMT" time="54.355" errors="0">
  <testcase name="checkout" time="33.341" classname="testCases.TC007_E2EFunctionality"/>
  <testcase name="summary" time="3.82" classname="testCases.TC007_E2EFunctionality"/>
  <testcase name="address" time="3.847" classname="testCases.TC007_E2EFunctionality"/>
  <testcase name="shipping" time="3.965" classname="testCases.TC007_E2EFunctionality"/>
  <testcase name="payment" time="3.97" classname="testCases.TC007_E2EFunctionality"/>
  <testcase name="confirmation" time="5.063" classname="testCases.TC007_E2EFunctionality"/>
</testsuite> <!-- Test -->
