<?xml version="1.0" encoding="UTF-8"?>
<!-- Generated by org.testng.reporters.JUnitXMLReporter -->
<testsuite hostname="DESKTOP-PPOL0UJ" ignored="2" name="Test" tests="5" failures="0" timestamp="06 May 2022 23:52:52 GMT" time="28.451" errors="0">
  <testcase name="register" time="10.437" classname="testCases.DD_FinalVerifyRegister"/>
  <testcase name="register" time="9.488" classname="testCases.DD_FinalVerifyRegister"/>
  <testcase name="login" time="1.975" classname="testCases.DD_VerifyLogin"/>
  <testcase name="login" time="2.332" classname="testCases.DD_VerifyLogin"/>
  <testcase name="login" time="2.934" classname="testCases.DD_VerifyLogin"/>
  <testcase name="@AfterSuite tearDown" time="0.0" classname="base.BaseClass">
    <ignored/>
  </testcase> <!-- @AfterSuite tearDown -->
  <testcase name="@BeforeSuite init" time="0.0" classname="base.BaseClass">
    <ignored/>
  </testcase> <!-- @BeforeSuite init -->
</testsuite> <!-- Test -->
