<?xml version="1.0" encoding="UTF-8"?>
<!-- Generated by org.testng.reporters.JUnitXMLReporter -->
<testsuite hostname="DESKTOP-PPOL0UJ" ignored="0" name="Sign in Test" tests="1" failures="1" timestamp="26 Apr 2022 04:50:01 GMT" time="13.199" errors="0">
  <testcase name="verifyLogin" time="12.697" classname="testCases.TC001verifyLogin">
    <failure type="java.lang.AssertionError" message="expected [My account - My Store] but found [Login - My Store]">
      <![CDATA[java.lang.AssertionError: expected [My account - My Store] but found [Login - My Store]
	at testCases.TC001verifyLogin.verifyLogin(TC001verifyLogin.java:26)
... Removed 31 stack frames]]>
    </failure>
  </testcase> <!-- verifyLogin -->
</testsuite> <!-- Sign in Test -->
