<?xml version="1.0" encoding="UTF-8"?>
<testng-results skipped="0" failed="0" ignored="2" total="7" passed="5">
  <reporter-output>
  </reporter-output>
  <suite name="Suite" duration-ms="35299" started-at="2022-05-06T22:09:43Z" finished-at="2022-05-06T22:10:19Z">
    <groups>
    </groups>
    <test name="Test" duration-ms="35299" started-at="2022-05-06T22:09:43Z" finished-at="2022-05-06T22:10:19Z">
      <class name="testCases.DD_FinalVerifyRegister">
        <test-method status="PASS" signature="init()[pri:0, instance:testCases.DD_FinalVerifyRegister@10959ece]" name="init" is-config="true" duration-ms="6144" started-at="2022-05-06T18:09:37Z" finished-at="2022-05-06T18:09:43Z">
          <reporter-output>
          </reporter-output>
        </test-method> <!-- init -->
        <test-method status="PASS" signature="register(java.lang.String, java.lang.String, java.lang.String, java.lang.String, java.lang.String, java.lang.String, java.lang.String, java.lang.String, java.lang.String, java.lang.String, java.lang.String, java.lang.String, java.lang.String, java.lang.String, java.lang.String, java.lang.String)[pri:0, instance:testCases.DD_FinalVerifyRegister@10959ece]" name="register" duration-ms="14218" started-at="2022-05-06T18:09:44Z" description="Verify Data Driven Test cases from Excel" data-provider="reg2" finished-at="2022-05-06T18:09:58Z">
          <params>
            <param index="0">
              <value>
                <![CDATA[John]]>
              </value>
            </param>
            <param index="1">
              <value>
                <![CDATA[Smith]]>
              </value>
            </param>
            <param index="2">
              <value>
                <![CDATA[johnsmith@gmail.com]]>
              </value>
            </param>
            <param index="3">
              <value>
                <![CDATA[abcde]]>
              </value>
            </param>
            <param index="4">
              <value>
                <![CDATA[John]]>
              </value>
            </param>
            <param index="5">
              <value>
                <![CDATA[Smith]]>
              </value>
            </param>
            <param index="6">
              <value>
                <![CDATA[bloor]]>
              </value>
            </param>
            <param index="7">
              <value>
                <![CDATA[squareOne]]>
              </value>
            </param>
            <param index="8">
              <value>
                <![CDATA[aaaa]]>
              </value>
            </param>
            <param index="9">
              <value>
                <![CDATA[Richmond]]>
              </value>
            </param>
            <param index="10">
              <value>
                <![CDATA[Alabama ]]>
              </value>
            </param>
            <param index="11">
              <value>
                <![CDATA[lasdas]]>
              </value>
            </param>
            <param index="12">
              <value>
                <![CDATA[Hello ]]>
              </value>
            </param>
            <param index="13">
              <value>
                <![CDATA[3434343.0]]>
              </value>
            </param>
            <param index="14">
              <value>
                <![CDATA[3673827]]>
              </value>
            </param>
            <param index="15">
              <value>
                <![CDATA[ShoppingMall]]>
              </value>
            </param>
          </params>
          <reporter-output>
          </reporter-output>
        </test-method> <!-- register -->
        <test-method status="PASS" signature="register(java.lang.String, java.lang.String, java.lang.String, java.lang.String, java.lang.String, java.lang.String, java.lang.String, java.lang.String, java.lang.String, java.lang.String, java.lang.String, java.lang.String, java.lang.String, java.lang.String, java.lang.String, java.lang.String)[pri:0, instance:testCases.DD_FinalVerifyRegister@10959ece]" name="register" duration-ms="9821" started-at="2022-05-06T18:09:58Z" description="Verify Data Driven Test cases from Excel" data-provider="reg2" finished-at="2022-05-06T18:10:08Z">
          <params>
            <param index="0">
              <value>
                <![CDATA[Tony]]>
              </value>
            </param>
            <param index="1">
              <value>
                <![CDATA[John]]>
              </value>
            </param>
            <param index="2">
              <value>
                <![CDATA[tony@gmail.com]]>
              </value>
            </param>
            <param index="3">
              <value>
                <![CDATA[ccccc]]>
              </value>
            </param>
            <param index="4">
              <value>
                <![CDATA[Tony]]>
              </value>
            </param>
            <param index="5">
              <value>
                <![CDATA[John]]>
              </value>
            </param>
            <param index="6">
              <value>
                <![CDATA[dixie]]>
              </value>
            </param>
            <param index="7">
              <value>
                <![CDATA[Burnhamthrope]]>
              </value>
            </param>
            <param index="8">
              <value>
                <![CDATA[bbbb]]>
              </value>
            </param>
            <param index="9">
              <value>
                <![CDATA[vermon]]>
              </value>
            </param>
            <param index="10">
              <value>
                <![CDATA[Alaska]]>
              </value>
            </param>
            <param index="11">
              <value>
                <![CDATA[krjrj]]>
              </value>
            </param>
            <param index="12">
              <value>
                <![CDATA[Welcome]]>
              </value>
            </param>
            <param index="13">
              <value>
                <![CDATA[36362352]]>
              </value>
            </param>
            <param index="14">
              <value>
                <![CDATA[383732.0]]>
              </value>
            </param>
            <param index="15">
              <value>
                <![CDATA[BusStop]]>
              </value>
            </param>
          </params>
          <reporter-output>
          </reporter-output>
        </test-method> <!-- register -->
        <test-method status="PASS" signature="tearDown()[pri:0, instance:testCases.DD_FinalVerifyRegister@10959ece]" name="tearDown" is-config="true" duration-ms="958" started-at="2022-05-06T18:10:19Z" finished-at="2022-05-06T18:10:20Z">
          <reporter-output>
          </reporter-output>
        </test-method> <!-- tearDown -->
      </class> <!-- testCases.DD_FinalVerifyRegister -->
      <class name="testCases.DD_VerifyLogin">
        <test-method status="PASS" signature="login(java.lang.String, java.lang.String)[pri:1, instance:testCases.DD_VerifyLogin@3a6bb9bf]" name="login" duration-ms="2145" started-at="2022-05-06T18:10:08Z" description="Verify Data Driven Test cases for Login Functionality" data-provider="dp" finished-at="2022-05-06T18:10:10Z">
          <params>
            <param index="0">
              <value>
                <![CDATA[abcsri70@gmail.com]]>
              </value>
            </param>
            <param index="1">
              <value>
                <![CDATA[aaaaa]]>
              </value>
            </param>
          </params>
          <reporter-output>
          </reporter-output>
        </test-method> <!-- login -->
        <test-method status="PASS" signature="login(java.lang.String, java.lang.String)[pri:1, instance:testCases.DD_VerifyLogin@3a6bb9bf]" name="login" duration-ms="2611" started-at="2022-05-06T18:10:10Z" description="Verify Data Driven Test cases for Login Functionality" data-provider="dp" finished-at="2022-05-06T18:10:13Z">
          <params>
            <param index="0">
              <value>
                <![CDATA[abcya@gmail.com]]>
              </value>
            </param>
            <param index="1">
              <value>
                <![CDATA[cccccc]]>
              </value>
            </param>
          </params>
          <reporter-output>
          </reporter-output>
        </test-method> <!-- login -->
        <test-method status="PASS" signature="login(java.lang.String, java.lang.String)[pri:1, instance:testCases.DD_VerifyLogin@3a6bb9bf]" name="login" duration-ms="5511" started-at="2022-05-06T18:10:13Z" description="Verify Data Driven Test cases for Login Functionality" data-provider="dp" finished-at="2022-05-06T18:10:19Z">
          <params>
            <param index="0">
              <value>
                <![CDATA[automationdemo18@gmail.com]]>
              </value>
            </param>
            <param index="1">
              <value>
                <![CDATA[@autodemo18]]>
              </value>
            </param>
          </params>
          <reporter-output>
          </reporter-output>
        </test-method> <!-- login -->
      </class> <!-- testCases.DD_VerifyLogin -->
    </test> <!-- Test -->
  </suite> <!-- Suite -->
</testng-results>
